<?xml version="1.0" encoding="UTF-8"?>
<testsuite name="agh.ii.prinjava.lab02.exc02_01.impl.ArrayBasedImplTest" tests="6" skipped="0" failures="0" errors="0" timestamp="2023-10-06T00:30:52" hostname="DESKTOP-T4IRDBL" time="0.026">
  <properties/>
  <testcase name="testPop()" classname="agh.ii.prinjava.lab02.exc02_01.impl.ArrayBasedImplTest" time="0.017"/>
  <testcase name="testpush()" classname="agh.ii.prinjava.lab02.exc02_01.impl.ArrayBasedImplTest" time="0.001"/>
  <testcase name="newStackIsEmpty()" classname="agh.ii.prinjava.lab02.exc02_01.impl.ArrayBasedImplTest" time="0.001"/>
  <testcase name="numOfElems()" classname="agh.ii.prinjava.lab02.exc02_01.impl.ArrayBasedImplTest" time="0.001"/>
  <testcase name="peek()" classname="agh.ii.prinjava.lab02.exc02_01.impl.ArrayBasedImplTest" time="0.001"/>
  <testcase name="isEmpty()" classname="agh.ii.prinjava.lab02.exc02_01.impl.ArrayBasedImplTest" time="0.001"/>
  <system-out><![CDATA[]]></system-out>
  <system-err><![CDATA[]]></system-err>
</testsuite>
